<?xml version="1.0" encoding="UTF-8"?>
<testsuites name="jest tests" tests="4" failures="0" errors="0" time="3.753">
  <testsuite name="Integration" errors="0" failures="0" skipped="0" timestamp="2021-12-22T10:21:08" time="3.605" tests="4">
    <testcase classname="Integration add Project and deletes a project based on name" name="Integration add Project and deletes a project based on name" time="0.102">
    </testcase>
    <testcase classname="Integration add Season and delete Season based on Name" name="Integration add Season and delete Season based on Name" time="0.064">
    </testcase>
    <testcase classname="Integration add Phase and delete Phase based on Name" name="Integration add Phase and delete Phase based on Name" time="0.064">
    </testcase>
    <testcase classname="Integration add multiple Tags and delete them based on Name" name="Integration add multiple Tags and delete them based on Name" time="0.078">
    </testcase>
  </testsuite>
</testsuites>