<?xml version="1.0" encoding="UTF-8"?>
<testsuites name="jest tests" tests="1" failures="0" errors="0" time="3.652">
  <testsuite name="POST" errors="0" failures="0" skipped="0" timestamp="2021-12-07T12:40:08" time="3.524" tests="1">
    <testcase classname="POST add Project" name="POST add Project" time="0.101">
    </testcase>
  </testsuite>
</testsuites>