<?xml version="1.0" encoding="UTF-8"?>
<testsuites name="jest tests" tests="6" failures="0" errors="0" time="3.728">
  <testsuite name="POST" errors="0" failures="0" skipped="4" timestamp="2021-12-17T14:13:37" time="3.592" tests="6">
    <testcase classname="POST add Project" name="POST add Project" time="0">
      <skipped/>
    </testcase>
    <testcase classname="POST add Season" name="POST add Season" time="0">
      <skipped/>
    </testcase>
    <testcase classname="POST get all Projects" name="POST get all Projects" time="0">
      <skipped/>
    </testcase>
    <testcase classname="POST get all Seasons" name="POST get all Seasons" time="0">
      <skipped/>
    </testcase>
    <testcase classname="POST add a new Project with storing Season, Phase, and multiple Tags" name="POST add a new Project with storing Season, Phase, and multiple Tags" time="0.065">
    </testcase>
    <testcase classname="POST get all Tags" name="POST get all Tags" time="0.033">
    </testcase>
  </testsuite>
</testsuites>