<?xml version="1.0" encoding="UTF-8"?>
<testsuites name="jest tests" tests="15" failures="0" errors="0" time="5.21">
  <testsuite name="DynamoDb" errors="0" failures="0" skipped="0" timestamp="2021-12-20T09:19:24" time="4.763" tests="15">
    <testcase classname="DynamoDb should create the tables" name="DynamoDb should create the tables" time="0.006">
    </testcase>
    <testcase classname="DynamoDb should throw when creating table was not successful" name="DynamoDb should throw when creating table was not successful" time="0.072">
    </testcase>
    <testcase classname="DynamoDb should create a Project object" name="DynamoDb should create a Project object" time="0.003">
    </testcase>
    <testcase classname="DynamoDb should scan the whole table" name="DynamoDb should scan the whole table" time="0.003">
    </testcase>
    <testcase classname="DynamoDb should throw when no items in table" name="DynamoDb should throw when no items in table" time="0.003">
    </testcase>
    <testcase classname="DynamoDb should add a new Project entry to Projects table" name="DynamoDb should add a new Project entry to Projects table" time="0.002">
    </testcase>
    <testcase classname="DynamoDb should add a list of tags to the dynamodb" name="DynamoDb should add a list of tags to the dynamodb" time="0.003">
    </testcase>
    <testcase classname="DynamoDb should throw when adding new Project entry was not successful" name="DynamoDb should throw when adding new Project entry was not successful" time="0.013">
    </testcase>
    <testcase classname="DynamoDb should map the dynamoDbAttributes coming from DynamoDB" name="DynamoDb should map the dynamoDbAttributes coming from DynamoDB" time="0">
    </testcase>
    <testcase classname="DynamoDb should build the dynamoDbAttributes for DynamoDB" name="DynamoDb should build the dynamoDbAttributes for DynamoDB" time="0.001">
    </testcase>
    <testcase classname="DynamoDb should build the dynamoDbAttributes for DynamoDB when props contains Numbers and Boolean" name="DynamoDb should build the dynamoDbAttributes for DynamoDB when props contains Numbers and Boolean" time="0.001">
    </testcase>
    <testcase classname="DynamoDb should build the dynamoDbAttributes for DynamoDB after Entity is created" name="DynamoDb should build the dynamoDbAttributes for DynamoDB after Entity is created" time="0.001">
    </testcase>
    <testcase classname="DynamoDb should return the correct type of an object" name="DynamoDb should return the correct type of an object" time="0.001">
    </testcase>
    <testcase classname="DynamoDb should return the correct type of a really nested object" name="DynamoDb should return the correct type of a really nested object" time="0.009">
    </testcase>
    <testcase classname="DynamoDb should return undefined when object is undefined as well" name="DynamoDb should return undefined when object is undefined as well" time="0.024">
    </testcase>
  </testsuite>
</testsuites>