<?xml version="1.0" encoding="UTF-8"?>
<testsuites name="jest tests" tests="10" failures="0" errors="0" time="5.243">
  <testsuite name="DynamoDb" errors="0" failures="0" skipped="0" timestamp="2021-12-06T16:51:03" time="4.883" tests="10">
    <testcase classname="DynamoDb should create the tables" name="DynamoDb should create the tables" time="0.004">
    </testcase>
    <testcase classname="DynamoDb should throw when creating table was not successful" name="DynamoDb should throw when creating table was not successful" time="0.046">
    </testcase>
    <testcase classname="DynamoDb should create a Project object" name="DynamoDb should create a Project object" time="0.002">
    </testcase>
    <testcase classname="DynamoDb should scan the whole table" name="DynamoDb should scan the whole table" time="0.001">
    </testcase>
    <testcase classname="DynamoDb should throw when no items in table" name="DynamoDb should throw when no items in table" time="0.002">
    </testcase>
    <testcase classname="DynamoDb should add a new Project entry to Projects table" name="DynamoDb should add a new Project entry to Projects table" time="0.002">
    </testcase>
    <testcase classname="DynamoDb should throw when adding new Project entry was not successful" name="DynamoDb should throw when adding new Project entry was not successful" time="0.006">
    </testcase>
    <testcase classname="DynamoDb should map the attributes coming from DynamoDB" name="DynamoDb should map the attributes coming from DynamoDB" time="0.001">
    </testcase>
    <testcase classname="DynamoDb should build the attributes for DynamoDB" name="DynamoDb should build the attributes for DynamoDB" time="0.001">
    </testcase>
    <testcase classname="DynamoDb should build the attributes for DynamoDB when props contains Numbers and Boolean" name="DynamoDb should build the attributes for DynamoDB when props contains Numbers and Boolean" time="0">
    </testcase>
  </testsuite>
</testsuites>