<?xml version="1.0" encoding="UTF-8"?>
<testsuites name="jest tests" tests="4" failures="0" errors="0" time="22.091">
  <testsuite name="LambdaFleet" errors="0" failures="0" skipped="0" timestamp="2021-12-09T12:23:29" time="4.399" tests="4">
    <testcase classname="LambdaFleet should bundle the code" name="LambdaFleet should bundle the code" time="0.001">
    </testcase>
    <testcase classname="LambdaFleet should return the folder of the built Lambdas" name="LambdaFleet should return the folder of the built Lambdas" time="0.002">
    </testcase>
    <testcase classname="LambdaFleet should throw when trying to bundle the folder" name="LambdaFleet should throw when trying to bundle the folder" time="0.033">
    </testcase>
    <testcase classname="LambdaFleet should throw when folder not exists" name="LambdaFleet should throw when folder not exists" time="0.005">
    </testcase>
  </testsuite>
</testsuites>